{"level":"error","message":"Unknown authentication strategy \"bearer\"","timestamp":"2016-04-22T09:02:30.384Z"}
{"level":"error","message":"Cannot read property 'file' of undefined","timestamp":"2016-04-22T09:21:33.701Z"}
{"level":"error","message":"Cannot read property 'file' of undefined","timestamp":"2016-04-22T09:44:47.093Z"}
{"level":"error","message":"Cannot read property 'file' of undefined","timestamp":"2016-04-22T09:47:31.347Z"}
{"level":"error","message":"Cannot read property 'file' of undefined","timestamp":"2016-04-22T09:53:40.805Z"}
{"level":"error","message":"multipartyMiddleware is not defined","timestamp":"2016-04-22T11:13:07.001Z"}
{"level":"error","message":"s3uploder.fileUupload is not a function","timestamp":"2016-04-22T11:16:39.384Z"}
{"level":"error","message":"req is not defined","timestamp":"2016-04-22T11:24:28.615Z"}
{"level":"error","message":"req is not defined","timestamp":"2016-04-22T11:25:35.796Z"}
{"level":"error","message":"Cannot read property 'files' of undefined","timestamp":"2016-04-22T11:26:32.732Z"}
{"level":"error","message":"Cannot read property 'file' of undefined","timestamp":"2016-04-22T11:28:15.203Z"}
{"level":"error","message":"Cannot read property 'file' of undefined","timestamp":"2016-04-22T11:30:19.092Z"}
{"level":"error","message":"Cannot read property 'file' of undefined","timestamp":"2016-04-22T11:32:26.074Z"}
{"level":"error","message":"Cannot read property 'file' of undefined","timestamp":"2016-04-22T11:34:38.852Z"}
{"level":"error","message":"Cannot read property 'file' of undefined","timestamp":"2016-04-22T11:40:18.258Z"}
{"level":"error","message":"Cannot read property 'file' of undefined","timestamp":"2016-04-22T11:42:49.299Z"}
{"level":"error","message":"Cannot read property 'path' of undefined","timestamp":"2016-04-22T11:43:50.901Z"}
{"level":"error","message":"Cannot read property 'files' of undefined","timestamp":"2016-04-22T11:46:13.089Z"}
{"level":"error","message":"req is not defined","timestamp":"2016-04-22T11:50:44.283Z"}
{"level":"error","message":"file is not defined","timestamp":"2016-04-25T06:46:46.827Z"}
{"level":"error","message":"file is not defined","timestamp":"2016-04-25T06:52:05.442Z"}
{"level":"error","message":"Request aborted","timestamp":"2016-04-26T06:53:32.817Z"}
{"level":"error","message":"jQuery requires a window with a document","timestamp":"2016-04-28T14:13:03.251Z"}
